mode: atomic
github.com/trazo-lat/query/ast/node.go:28.43,28.64 1 1
github.com/trazo-lat/query/ast/node.go:29.44,29.45 0 1
github.com/trazo-lat/query/ast/node.go:30.44,30.45 0 1
github.com/trazo-lat/query/ast/node.go:40.42,40.63 1 1
github.com/trazo-lat/query/ast/node.go:41.43,41.44 0 1
github.com/trazo-lat/query/ast/node.go:42.43,42.44 0 1
github.com/trazo-lat/query/ast/node.go:56.46,56.67 1 1
github.com/trazo-lat/query/ast/node.go:57.47,57.48 0 1
github.com/trazo-lat/query/ast/node.go:58.47,58.48 0 1
github.com/trazo-lat/query/ast/node.go:61.40,61.68 1 0
github.com/trazo-lat/query/ast/node.go:64.43,64.70 1 0
github.com/trazo-lat/query/ast/node.go:67.45,67.74 1 0
github.com/trazo-lat/query/ast/node.go:76.45,76.66 1 1
github.com/trazo-lat/query/ast/node.go:77.46,77.47 0 1
github.com/trazo-lat/query/ast/node.go:78.46,78.47 0 1
github.com/trazo-lat/query/ast/node.go:89.45,89.66 1 1
github.com/trazo-lat/query/ast/node.go:90.46,90.47 0 1
github.com/trazo-lat/query/ast/node.go:91.46,91.47 0 1
github.com/trazo-lat/query/ast/node.go:100.42,100.63 1 1
github.com/trazo-lat/query/ast/node.go:101.43,101.44 0 1
github.com/trazo-lat/query/ast/node.go:102.43,102.44 0 1
github.com/trazo-lat/query/ast/node.go:117.45,117.66 1 1
github.com/trazo-lat/query/ast/node.go:118.46,118.47 0 1
github.com/trazo-lat/query/ast/node.go:119.46,119.47 0 1
github.com/trazo-lat/query/ast/node.go:129.34,130.9 1 4
github.com/trazo-lat/query/ast/node.go:131.22,132.26 1 1
github.com/trazo-lat/query/ast/node.go:133.22,134.21 1 1
github.com/trazo-lat/query/ast/node.go:135.21,136.31 1 1
github.com/trazo-lat/query/ast/node.go:137.10,138.19 1 1
github.com/trazo-lat/query/ast/string.go:11.37,12.17 1 12
github.com/trazo-lat/query/ast/string.go:12.17,14.3 1 1
github.com/trazo-lat/query/ast/string.go:15.2,17.21 3 11
github.com/trazo-lat/query/ast/string.go:20.55,21.26 1 20
github.com/trazo-lat/query/ast/string.go:22.19,24.24 2 2
github.com/trazo-lat/query/ast/string.go:24.24,26.4 1 1
github.com/trazo-lat/query/ast/string.go:26.9,28.4 1 1
github.com/trazo-lat/query/ast/string.go:29.3,29.26 1 2
github.com/trazo-lat/query/ast/string.go:30.18,32.25 2 1
github.com/trazo-lat/query/ast/string.go:33.22,35.24 2 10
github.com/trazo-lat/query/ast/string.go:35.24,40.4 4 1
github.com/trazo-lat/query/ast/string.go:40.9,43.4 2 9
github.com/trazo-lat/query/ast/string.go:44.21,45.36 1 1
github.com/trazo-lat/query/ast/string.go:46.18,49.21 3 1
github.com/trazo-lat/query/ast/string.go:50.21,53.23 3 2
github.com/trazo-lat/query/ast/string.go:53.23,55.4 1 1
github.com/trazo-lat/query/ast/string.go:55.9,55.28 1 1
github.com/trazo-lat/query/ast/string.go:55.28,59.4 3 1
github.com/trazo-lat/query/ast/string.go:60.21,61.24 1 3
github.com/trazo-lat/query/ast/string.go:65.60,68.30 3 4
github.com/trazo-lat/query/ast/string.go:68.30,69.12 1 4
github.com/trazo-lat/query/ast/string.go:69.12,71.4 1 0
github.com/trazo-lat/query/ast/string.go:72.3,72.10 1 4
github.com/trazo-lat/query/ast/string.go:73.25,74.39 1 2
github.com/trazo-lat/query/ast/string.go:75.25,76.34 1 1
github.com/trazo-lat/query/ast/string.go:77.24,78.32 1 1
github.com/trazo-lat/query/ast/string.go:81.2,81.20 1 4
github.com/trazo-lat/query/ast/value.go:13.37,15.2 1 20
github.com/trazo-lat/query/ast/value.go:18.35,19.18 1 4
github.com/trazo-lat/query/ast/value.go:19.18,21.3 1 1
github.com/trazo-lat/query/ast/value.go:22.2,22.14 1 3
github.com/trazo-lat/query/ast/value.go:26.37,28.2 1 5
github.com/trazo-lat/query/ast/value.go:53.36,54.34 1 1
github.com/trazo-lat/query/ast/value.go:54.34,56.3 1 0
github.com/trazo-lat/query/ast/value.go:57.2,57.40 1 1
github.com/trazo-lat/query/ast/value.go:74.26,75.16 1 10
github.com/trazo-lat/query/ast/value.go:75.16,77.3 1 1
github.com/trazo-lat/query/ast/value.go:78.2,78.16 1 9
github.com/trazo-lat/query/ast/value.go:79.19,80.15 1 1
github.com/trazo-lat/query/ast/value.go:81.20,82.15 1 2
github.com/trazo-lat/query/ast/value.go:83.18,84.17 1 1
github.com/trazo-lat/query/ast/value.go:85.20,86.16 1 2
github.com/trazo-lat/query/ast/value.go:87.17,88.16 1 1
github.com/trazo-lat/query/ast/value.go:89.21,90.20 1 1
github.com/trazo-lat/query/ast/value.go:91.10,92.15 1 1
github.com/trazo-lat/query/ast/visitor.go:22.52,23.26 1 8
github.com/trazo-lat/query/ast/visitor.go:24.19,25.26 1 1
github.com/trazo-lat/query/ast/visitor.go:26.18,27.25 1 1
github.com/trazo-lat/query/ast/visitor.go:28.22,29.29 1 1
github.com/trazo-lat/query/ast/visitor.go:30.21,31.28 1 1
github.com/trazo-lat/query/ast/visitor.go:32.18,33.25 1 1
github.com/trazo-lat/query/ast/visitor.go:34.21,35.28 1 1
github.com/trazo-lat/query/ast/visitor.go:36.21,37.28 1 1
github.com/trazo-lat/query/ast/visitor.go:38.10,40.14 2 1
github.com/trazo-lat/query/ast/visitor.go:46.55,47.14 1 8
github.com/trazo-lat/query/ast/visitor.go:47.14,49.3 1 1
github.com/trazo-lat/query/ast/visitor.go:50.2,50.12 1 7
github.com/trazo-lat/query/ast/visitor.go:51.16,52.13 1 1
github.com/trazo-lat/query/ast/visitor.go:53.17,54.14 1 1
github.com/trazo-lat/query/ast/visitor.go:55.16,56.13 1 1
github.com/trazo-lat/query/ast/visitor.go:57.17,58.14 1 1
github.com/trazo-lat/query/ast/visitor.go:59.16,60.13 1 1
github.com/trazo-lat/query/ast/visitor.go:61.17,62.14 1 1
github.com/trazo-lat/query/ast/visitor.go:63.10,64.13 1 1
github.com/trazo-lat/query/ast/visitor.go:73.44,75.36 2 6
github.com/trazo-lat/query/ast/visitor.go:75.36,76.21 1 36
github.com/trazo-lat/query/ast/visitor.go:77.12,78.26 1 4
github.com/trazo-lat/query/ast/visitor.go:79.17,80.39 1 2
github.com/trazo-lat/query/ast/visitor.go:81.11,82.33 1 30
github.com/trazo-lat/query/ast/visitor.go:85.2,85.20 1 6
github.com/trazo-lat/query/ast/walk.go:5.54,6.30 1 15
github.com/trazo-lat/query/ast/walk.go:6.30,8.3 1 1
github.com/trazo-lat/query/ast/walk.go:9.2,9.26 1 14
github.com/trazo-lat/query/ast/walk.go:10.19,12.20 2 4
github.com/trazo-lat/query/ast/walk.go:13.18,14.19 1 0
github.com/trazo-lat/query/ast/walk.go:15.18,16.19 1 1
github.com/trazo-lat/query/ast/walk.go:17.21,19.21 2 0
github.com/trazo-lat/query/ast/walk.go:19.21,21.4 1 0
github.com/trazo-lat/query/ast/walk.go:22.21,23.30 1 2
github.com/trazo-lat/query/ast/walk.go:23.30,24.23 1 3
github.com/trazo-lat/query/ast/walk.go:24.23,26.5 1 1
github.com/trazo-lat/query/ast/walk.go:28.37,28.37 0 7
github.com/trazo-lat/query/ast/walk.go:34.42,37.37 3 1
github.com/trazo-lat/query/ast/walk.go:37.37,39.24 2 3
github.com/trazo-lat/query/ast/walk.go:40.23,41.16 1 1
github.com/trazo-lat/query/ast/walk.go:42.22,43.16 1 1
github.com/trazo-lat/query/ast/walk.go:44.11,45.15 1 1
github.com/trazo-lat/query/ast/walk.go:47.3,48.17 2 2
github.com/trazo-lat/query/ast/walk.go:48.17,51.4 2 2
github.com/trazo-lat/query/ast/walk.go:52.3,52.14 1 2
github.com/trazo-lat/query/ast/walk.go:54.2,54.15 1 1
github.com/trazo-lat/query/ast/walk.go:58.51,60.37 2 1
github.com/trazo-lat/query/ast/walk.go:60.37,61.38 1 3
github.com/trazo-lat/query/ast/walk.go:61.38,63.4 1 2
github.com/trazo-lat/query/ast/walk.go:64.3,64.14 1 3
github.com/trazo-lat/query/ast/walk.go:66.2,66.15 1 1
github.com/trazo-lat/query/ast/walk.go:71.37,72.21 1 3
github.com/trazo-lat/query/ast/walk.go:73.37,74.14 1 2
github.com/trazo-lat/query/ast/walk.go:75.10,76.15 1 1
github.com/trazo-lat/query/ast/walk.go:81.33,82.17 1 11
github.com/trazo-lat/query/ast/walk.go:82.17,84.3 1 1
github.com/trazo-lat/query/ast/walk.go:85.2,85.26 1 10
github.com/trazo-lat/query/ast/walk.go:86.19,89.14 3 1
github.com/trazo-lat/query/ast/walk.go:89.14,91.4 1 0
github.com/trazo-lat/query/ast/walk.go:92.3,92.16 1 1
github.com/trazo-lat/query/ast/walk.go:93.18,94.27 1 1
github.com/trazo-lat/query/ast/walk.go:95.18,96.27 1 1
github.com/trazo-lat/query/ast/walk.go:97.21,99.21 2 1
github.com/trazo-lat/query/ast/walk.go:99.21,100.36 1 1
github.com/trazo-lat/query/ast/walk.go:100.36,102.5 1 0
github.com/trazo-lat/query/ast/walk.go:104.3,104.15 1 1
github.com/trazo-lat/query/ast/walk.go:105.10,106.11 1 6
